{"message":"Bookmark with id 123 not found","level":"error"}
{"message":"Bookmark with id 123 not found","level":"error"}
{"message":"Bookmark with id 120 not found","level":"error"}
{"message":"Bookmark with id c0ec8efa-f154-458a-9885-6a3c7dc4dc02 created","level":"info"}
{"message":"Description is required","level":"error"}
{"message":"Bookmark with id ddeba11f-dd3a-47e7-a640-82c3b4b6604a created","level":"info"}
{"message":"URL is required","level":"error"}
{"message":"Title is required","level":"error"}
{"message":"Bookmark with id 8121f4f1-903a-4d8d-9e83-6b763647b392 created","level":"info"}
{"message":"Rating is required","level":"error"}
{"message":"Rating is required","level":"error"}
{"message":"Rating is required","level":"error"}
{"message":"Rating is required","level":"error"}
{"message":"Rating is required","level":"error"}
{"message":"Rating is required","level":"error"}
{"message":"Rating is required","level":"error"}
{"message":"Rating is required","level":"error"}
{"message":"Rating is required","level":"error"}
{"message":"Rating is required","level":"error"}
{"message":"Rating is required","level":"error"}
{"message":"Rating is required","level":"error"}
{"message":"Rating is required","level":"error"}
{"message":"Rating is required","level":"error"}
{"message":"Rating is required","level":"error"}
{"message":"Rating is required","level":"error"}
{"message":"Rating is required","level":"error"}
{"message":"Rating is required","level":"error"}
{"message":"Bookmark with id 81e6988e-4016-4ac1-8264-83e064d1df58 created","level":"info"}
{"message":"Bookmark with id 12e173e7-ebb8-4f81-905b-cd6a3a8a49ac created","level":"info"}
{"message":"Rating is required","level":"error"}
{"message":"Bookmark with id 52682800-4f84-48e4-907b-094d364740d8 created","level":"info"}
{"message":"Bookmark with id 3f830652-802f-4856-941d-db4baccefec9 created","level":"info"}
{"message":"Rating is required","level":"error"}
{"message":"Bookmark with id 4f5f1098-e9fb-4610-99ab-648d4f8395e2 created","level":"info"}
{"message":"Bookmark with id bfe5703d-5b81-45a8-91ca-7ba69e15744a created","level":"info"}
{"message":"Bookmark with id bfe5703d-5b81-45a8-91ca-7ba69e15744a deleted.","level":"info"}
{"message":"Unauthorized request to path: /","level":"error"}
{"message":"Unauthorized request to path: /","level":"error"}
{"message":"Unauthorized request to path: /","level":"error"}
{"message":"Unauthorized request to path: /","level":"error"}
{"message":"Bookmark with id 2 not found","level":"error"}
{"message":"Bookmark with id 123456 not found","level":"error"}
{"message":"Bookmark with id 2 not found","level":"error"}
{"message":"Bookmark with id 123456 not found","level":"error"}
{"message":"Bookmark with id 2 not found","level":"error"}
{"message":"Bookmark with id 0408a003-7845-44e7-87a2-f302a6f57d96 created","level":"info"}
{"message":"Bookmark with id 123456 not found","level":"error"}
{"message":"Bookmark with id 2 not found","level":"error"}
{"message":"Bookmark with id 13e65ea6-d428-4d8b-98a8-ccfe24cc1aaf created","level":"info"}
{"message":"Unauthorized request to path: /bookmarks","level":"error"}
{"message":"Unauthorized request to path: /bookmarks","level":"error"}
{"message":"Unauthorized request to path: /bookmarks/123456","level":"error"}
{"message":"Undefined binding(s) detected when compiling FIRST. Undefined column(s): [id] query: select * from \"bookmarks\" where \"id\" = ? limit ?","level":"error"}
{"message":"Unauthorized request to path: /bookmarks/2","level":"error"}
{"message":"Undefined binding(s) detected when compiling FIRST. Undefined column(s): [id] query: select * from \"bookmarks\" where \"id\" = ? limit ?","level":"error"}
{"message":"Unauthorized request to path: /bookmarks","level":"error"}
{"message":"insert into \"bookmarks\" (\"description\", \"id\", \"rating\", \"title\", \"url\") values ($1, $2, $3, $4, $5) returning * - invalid input syntax for type integer: \"800812b9-0415-4a06-b41b-976d8903a8f8\"","level":"error"}
{"message":"Unauthorized request to path: /bookmarks","level":"error"}
{"message":"Unauthorized request to path: /bookmarks","level":"error"}
{"message":"Unauthorized request to path: /bookmarks/2","level":"error"}
{"message":"Unauthorized request to path: /bookmarks/2","level":"error"}
{"message":"Unauthorized request to path: /bookmarks","level":"error"}
{"message":"Unauthorized request to path: /bookmarks","level":"error"}
{"message":"Unauthorized request to path: /bookmarks/123456","level":"error"}
{"message":"Undefined binding(s) detected when compiling FIRST. Undefined column(s): [id] query: select * from \"bookmarks\" where \"id\" = ? limit ?","level":"error"}
{"message":"Unauthorized request to path: /bookmarks/2","level":"error"}
{"message":"Undefined binding(s) detected when compiling FIRST. Undefined column(s): [id] query: select * from \"bookmarks\" where \"id\" = ? limit ?","level":"error"}
{"message":"Unauthorized request to path: /bookmarks/123","level":"error"}
{"message":"Undefined binding(s) detected when compiling FIRST. Undefined column(s): [id] query: select * from \"bookmarks\" where \"id\" = ? limit ?","level":"error"}
{"message":"Unauthorized request to path: /bookmarks/2","level":"error"}
{"message":"Undefined binding(s) detected when compiling FIRST. Undefined column(s): [id] query: select * from \"bookmarks\" where \"id\" = ? limit ?","level":"error"}
{"message":"Unauthorized request to path: /bookmarks","level":"error"}
{"message":"insert into \"bookmarks\" (\"description\", \"id\", \"rating\", \"title\", \"url\") values ($1, $2, $3, $4, $5) returning * - invalid input syntax for type integer: \"d66b411f-26e9-4141-8fea-6dd964733f9c\"","level":"error"}
{"message":"Unauthorized request to path: /bookmarks","level":"error"}
{"message":"Unauthorized request to path: /bookmarks","level":"error"}
